<?xml version="1.0" encoding="UTF-8"?>
<robot generator="Robot 4.0.3 (Python 3.6.8 on win32)" generated="20220521 17:45:12.494" rpa="false" schemaversion="2">
<suite id="s1" name="Testcase" source="C:\Users\Acer\Desktop\WORKPLACE\qachallenges\challenges\challenge-qa-automation\Assignment 2\testcase\testcase.robot">
<test id="s1-t1" name="[CASE001] Open Pomelo Website">
<kw name="Open Pomelo Website" library="common">
<kw name="Open Browser" library="Selenium2Library">
<arg>${url}</arg>
<arg>chrome</arg>
<doc>Opens a new browser instance to the optional ``url``.</doc>
<msg timestamp="20220521 17:45:12.994" level="INFO">Opening browser 'chrome' to base url 'https://www.pomelofashion.com/th/en/'.</msg>
<status status="PASS" starttime="20220521 17:45:12.993" endtime="20220521 17:45:19.878"/>
</kw>
<kw name="Maximize Browser Window" library="Selenium2Library">
<doc>Maximizes current browser window.</doc>
<status status="PASS" starttime="20220521 17:45:19.878" endtime="20220521 17:45:20.195"/>
</kw>
<status status="PASS" starttime="20220521 17:45:12.993" endtime="20220521 17:45:20.195"/>
</kw>
<kw name="Close All Browsers" library="Selenium2Library">
<doc>Closes all open browsers and resets the browser cache.</doc>
<status status="PASS" starttime="20220521 17:45:20.197" endtime="20220521 17:45:22.775"/>
</kw>
<tag>CASE001</tag>
<status status="PASS" starttime="20220521 17:45:12.991" endtime="20220521 17:45:22.776"/>
</test>
<status status="PASS" starttime="20220521 17:45:12.499" endtime="20220521 17:45:22.786"/>
</suite>
<statistics>
<total>
<stat pass="1" fail="0" skip="0">All Tests</stat>
</total>
<tag>
<stat pass="1" fail="0" skip="0">CASE001</stat>
</tag>
<suite>
<stat pass="1" fail="0" skip="0" id="s1" name="Testcase">Testcase</stat>
</suite>
</statistics>
<errors>
</errors>
</robot>
